{"contracts/WorldPurpose.sol":{"l":{"22":40,"23":39,"27":2,"32":39,"35":37,"36":37,"39":36,"42":36,"45":36,"48":36,"52":4,"57":27,"60":27,"61":27,"62":14,"66":27,"69":25,"72":25,"73":16},"path":"/Users/stermi/dev/web3/learn/solidity-hardhat-template/contracts/WorldPurpose.sol","s":{"1":40,"2":2,"3":39,"4":37,"5":37,"6":36,"7":36,"8":36,"9":36,"10":4,"11":27,"12":27,"13":27,"14":14,"15":27,"16":25,"17":25,"18":16},"b":{"1":[39,1],"2":[37,2],"3":[36,1],"4":[14,13],"5":[25,2],"6":[16,0]},"f":{"1":11,"2":40,"3":2,"4":39,"5":4,"6":27},"fnMap":{"1":{"name":"constructor","line":18,"loc":{"start":{"line":18,"column":4},"end":{"line":18,"column":19}}},"2":{"name":"onlyNewUser","line":20,"loc":{"start":{"line":20,"column":4},"end":{"line":24,"column":4}}},"3":{"name":"getCurrentPurpose","line":26,"loc":{"start":{"line":26,"column":4},"end":{"line":28,"column":4}}},"4":{"name":"setPurpose","line":30,"loc":{"start":{"line":30,"column":4},"end":{"line":49,"column":4}}},"5":{"name":"getBalance","line":51,"loc":{"start":{"line":51,"column":4},"end":{"line":53,"column":4}}},"6":{"name":"withdraw","line":55,"loc":{"start":{"line":55,"column":4},"end":{"line":74,"column":4}}}},"statementMap":{"1":{"start":{"line":22,"column":8},"end":{"line":22,"column":83}},"2":{"start":{"line":27,"column":8},"end":{"line":27,"column":22}},"3":{"start":{"line":32,"column":8},"end":{"line":32,"column":105}},"4":{"start":{"line":35,"column":8},"end":{"line":35,"column":51}},"5":{"start":{"line":36,"column":8},"end":{"line":36,"column":76}},"6":{"start":{"line":39,"column":8},"end":{"line":39,"column":57}},"7":{"start":{"line":42,"column":8},"end":{"line":42,"column":40}},"8":{"start":{"line":45,"column":8},"end":{"line":45,"column":59}},"9":{"start":{"line":48,"column":8},"end":{"line":48,"column":22}},"10":{"start":{"line":52,"column":8},"end":{"line":52,"column":35}},"11":{"start":{"line":57,"column":8},"end":{"line":57,"column":51}},"12":{"start":{"line":60,"column":8},"end":{"line":60,"column":44}},"13":{"start":{"line":61,"column":8},"end":{"line":61,"column":1895}},"14":{"start":{"line":62,"column":12},"end":{"line":62,"column":45}},"15":{"start":{"line":66,"column":8},"end":{"line":66,"column":78}},"16":{"start":{"line":69,"column":8},"end":{"line":69,"column":43}},"17":{"start":{"line":72,"column":8},"end":{"line":72,"column":64}},"18":{"start":{"line":73,"column":8},"end":{"line":73,"column":68}}},"branchMap":{"1":{"line":22,"type":"if","locations":[{"start":{"line":22,"column":8},"end":{"line":22,"column":8}},{"start":{"line":22,"column":8},"end":{"line":22,"column":8}}]},"2":{"line":32,"type":"if","locations":[{"start":{"line":32,"column":8},"end":{"line":32,"column":8}},{"start":{"line":32,"column":8},"end":{"line":32,"column":8}}]},"3":{"line":36,"type":"if","locations":[{"start":{"line":36,"column":8},"end":{"line":36,"column":8}},{"start":{"line":36,"column":8},"end":{"line":36,"column":8}}]},"4":{"line":61,"type":"if","locations":[{"start":{"line":61,"column":8},"end":{"line":61,"column":8}},{"start":{"line":61,"column":8},"end":{"line":61,"column":8}}]},"5":{"line":66,"type":"if","locations":[{"start":{"line":66,"column":8},"end":{"line":66,"column":8}},{"start":{"line":66,"column":8},"end":{"line":66,"column":8}}]},"6":{"line":73,"type":"if","locations":[{"start":{"line":73,"column":8},"end":{"line":73,"column":8}},{"start":{"line":73,"column":8},"end":{"line":73,"column":8}}]}}}}